<?xml version="1.0" encoding="UTF-8"?>
<!-- Generated by org.testng.reporters.JUnitReportReporter -->
<testsuite skipped="0" hostname="user-PC" name="com.inetbanking.testcases.Tc_addnewcustomer_02" tests="1" failures="0" timestamp="2021-08-05T11:38:49 IST" time="19.698" errors="0">
  <testcase name="addnewcust" time="19.698" classname="com.inetbanking.testcases.Tc_addnewcustomer_02"/>
  <system-out/>
</testsuite> <!-- com.inetbanking.testcases.Tc_addnewcustomer_02 -->
