<?xml version="1.0" encoding="UTF-8"?>
<!-- Generated by org.testng.reporters.JUnitReportReporter -->
<testsuite skipped="0" hostname="user-PC" name="com.inetbanking.testcases.Tc_loginTest_01" tests="1" failures="0" timestamp="2021-08-05T11:38:49 IST" time="5.058" errors="0">
  <testcase name="logintest" time="5.058" classname="com.inetbanking.testcases.Tc_loginTest_01"/>
  <system-out/>
</testsuite> <!-- com.inetbanking.testcases.Tc_loginTest_01 -->
